<?xml version="1.0" encoding="UTF-8"?>
<!-- Generated by org.testng.reporters.JUnitReportReporter -->
<testsuite skipped="0" hostname="PL1INPUN0323PC" name="com.TestCompany.TestEmployee.TestEmployeeApi" tests="7" failures="0" timestamp="21 Apr 2017 08:31:16 GMT" time="0.172" errors="0">
  <testcase name="addEmployeeRole" time="0.000" classname="com.TestCompany.TestEmployee.TestEmployeeApi"/>
  <testcase name="deleteEmployee" time="0.000" classname="com.TestCompany.TestEmployee.TestEmployeeApi"/>
  <testcase name="removeEmployeeDepartment" time="0.016" classname="com.TestCompany.TestEmployee.TestEmployeeApi"/>
  <testcase name="removeEmployeeRole" time="0.015" classname="com.TestCompany.TestEmployee.TestEmployeeApi"/>
  <testcase name="updateEmployeeRole" time="0.000" classname="com.TestCompany.TestEmployee.TestEmployeeApi"/>
  <testcase name="addEmployeeDepartment" time="0.125" classname="com.TestCompany.TestEmployee.TestEmployeeApi"/>
  <testcase name="updateEmployeeDepartment" time="0.016" classname="com.TestCompany.TestEmployee.TestEmployeeApi"/>
</testsuite> <!-- com.TestCompany.TestEmployee.TestEmployeeApi -->
